execve("/usr/bin/uname", ["uname"], 0x7ffc29941430 /* 80 vars */) = 0
brk(NULL)                               = 0x55a276fae000
arch_prctl(0x3001 /* ARCH_??? */, 0x7fff34607a30) = -1 EINVAL (Недопустимый аргумент)
mmap(NULL, 8192, PROT_READ|PROT_WRITE, MAP_PRIVATE|MAP_ANONYMOUS, -1, 0) = 0x7f8c0003e000
access("/etc/ld.so.preload", R_OK)      = -1 ENOENT (Нет такого файла или каталога)
openat(AT_FDCWD, "/etc/ld.so.cache", O_RDONLY|O_CLOEXEC) = 3
newfstatat(3, "", {st_mode=S_IFREG|0644, st_size=108267, ...}, AT_EMPTY_PATH) = 0
mmap(NULL, 108267, PROT_READ, MAP_PRIVATE, 3, 0) = 0x7f8c00023000
close(3)                                = 0
openat(AT_FDCWD, "/lib/x86_64-linux-gnu/libc.so.6", O_RDONLY|O_CLOEXEC) = 3
read(3, "\177ELF\2\1\1\3\0\0\0\0\0\0\0\0\3\0>\0\1\0\0\0P\237\2\0\0\0\0\0"..., 832) = 832
pread64(3, "\6\0\0\0\4\0\0\0@\0\0\0\0\0\0\0@\0\0\0\0\0\0\0@\0\0\0\0\0\0\0"..., 784, 64) = 784
pread64(3, "\4\0\0\0 \0\0\0\5\0\0\0GNU\0\2\0\0\300\4\0\0\0\3\0\0\0\0\0\0\0"..., 48, 848) = 48
pread64(3, "\4\0\0\0\24\0\0\0\3\0\0\0GNU\0\302\211\332Pq\2439\235\350\223\322\257\201\326\243\f"..., 68, 896) = 68
newfstatat(3, "", {st_mode=S_IFREG|0755, st_size=2220400, ...}, AT_EMPTY_PATH) = 0
pread64(3, "\6\0\0\0\4\0\0\0@\0\0\0\0\0\0\0@\0\0\0\0\0\0\0@\0\0\0\0\0\0\0"..., 784, 64) = 784
mmap(NULL, 2264656, PROT_READ, MAP_PRIVATE|MAP_DENYWRITE, 3, 0) = 0x7f8bffdfa000
mprotect(0x7f8bffe22000, 2023424, PROT_NONE) = 0
mmap(0x7f8bffe22000, 1658880, PROT_READ|PROT_EXEC, MAP_PRIVATE|MAP_FIXED|MAP_DENYWRITE, 3, 0x28000) = 0x7f8bffe22000
mmap(0x7f8bfffb7000, 360448, PROT_READ, MAP_PRIVATE|MAP_FIXED|MAP_DENYWRITE, 3, 0x1bd000) = 0x7f8bfffb7000
mmap(0x7f8c00010000, 24576, PROT_READ|PROT_WRITE, MAP_PRIVATE|MAP_FIXED|MAP_DENYWRITE, 3, 0x215000) = 0x7f8c00010000
mmap(0x7f8c00016000, 52816, PROT_READ|PROT_WRITE, MAP_PRIVATE|MAP_FIXED|MAP_ANONYMOUS, -1, 0) = 0x7f8c00016000
close(3)                                = 0
mmap(NULL, 12288, PROT_READ|PROT_WRITE, MAP_PRIVATE|MAP_ANONYMOUS, -1, 0) = 0x7f8bffdf7000
arch_prctl(ARCH_SET_FS, 0x7f8bffdf7740) = 0
set_tid_address(0x7f8bffdf7a10)         = 184233
set_robust_list(0x7f8bffdf7a20, 24)     = 0
rseq(0x7f8bffdf80e0, 0x20, 0, 0x53053053) = 0
mprotect(0x7f8c00010000, 16384, PROT_READ) = 0
mprotect(0x55a275e42000, 4096, PROT_READ) = 0
mprotect(0x7f8c00078000, 8192, PROT_READ) = 0
prlimit64(0, RLIMIT_STACK, NULL, {rlim_cur=8192*1024, rlim_max=RLIM64_INFINITY}) = 0
munmap(0x7f8c00023000, 108267)          = 0
getrandom("\x14\x9a\x7b\xf4\x22\x89\x57\x2f", 8, GRND_NONBLOCK) = 8
brk(NULL)                               = 0x55a276fae000
brk(0x55a276fcf000)                     = 0x55a276fcf000
openat(AT_FDCWD, "/usr/lib/locale/locale-archive", O_RDONLY|O_CLOEXEC) = 3
newfstatat(3, "", {st_mode=S_IFREG|0644, st_size=5721376, ...}, AT_EMPTY_PATH) = 0
mmap(NULL, 5721376, PROT_READ, MAP_PRIVATE, 3, 0) = 0x7f8bff882000
close(3)                                = 0
uname({sysname="Linux", nodename="master-Lenovo-ThinkBook-15-IIL", ...}) = 0
newfstatat(1, "", {st_mode=S_IFCHR|0600, st_rdev=makedev(0x88, 0x1), ...}, AT_EMPTY_PATH) = 0
write(1, "Linux\n", 6)                  = 6
close(1)                                = 0
close(2)                                = 0
exit_group(0)                           = ?
+++ exited with 0 +++
